[15:22:39][map.cpp:675]: MAP_ERROR: Palette in rivers.bmp is probably not correct
[15:22:41][equipment.cpp:1216]: Token trm_cavalry_tank_chassis_cze_lt35_1 in can_convert_from list for type trm_cavalry_tank_chassis_ger_pz35_1 does not correspond to any valid equipment type.
[15:22:41][equipment.cpp:1216]: Token trm_cavalry_tank_chassis_cze_lt38_1 in can_convert_from list for type trm_cavalry_tank_chassis_ger_pz38_1 does not correspond to any valid equipment type.
[15:22:41][subunitdefinition.cpp:535]: No localisation for modifier_experience_gain_predreadnought_training_factor
[15:22:41][subunitdefinition.cpp:543]: No localisation for modifier_experience_gain_predreadnought_combat_factor
[15:22:41][subunitdefinition.cpp:535]: No localisation for modifier_experience_gain_pocket_battleship_training_factor
[15:22:41][subunitdefinition.cpp:543]: No localisation for modifier_experience_gain_pocket_battleship_combat_factor
[15:22:41][subunitdefinition.cpp:535]: No localisation for modifier_experience_gain_armored_carrier_training_factor
[15:22:41][subunitdefinition.cpp:543]: No localisation for modifier_experience_gain_armored_carrier_combat_factor
[15:22:41][subunitdefinition.cpp:535]: No localisation for modifier_experience_gain_escort_carrier_training_factor
[15:22:41][subunitdefinition.cpp:543]: No localisation for modifier_experience_gain_escort_carrier_combat_factor
[15:22:41][subunitdefinition.cpp:535]: No localisation for modifier_experience_gain_light_carrier_training_factor
[15:22:41][subunitdefinition.cpp:543]: No localisation for modifier_experience_gain_light_carrier_combat_factor
[15:22:41][subunitdefinition.cpp:535]: No localisation for modifier_experience_gain_super_carrier_training_factor
[15:22:41][subunitdefinition.cpp:543]: No localisation for modifier_experience_gain_super_carrier_combat_factor
[15:22:41][subunitdefinition.cpp:535]: No localisation for modifier_experience_gain_fleet_carrier_training_factor
[15:22:41][subunitdefinition.cpp:543]: No localisation for modifier_experience_gain_fleet_carrier_combat_factor
[15:22:41][subunitdefinition.cpp:535]: No localisation for modifier_experience_gain_destroyer_escort_training_factor
[15:22:41][subunitdefinition.cpp:543]: No localisation for modifier_experience_gain_destroyer_escort_combat_factor
[15:22:41][subunitdefinition.cpp:535]: No localisation for modifier_experience_gain_escort_training_factor
[15:22:41][subunitdefinition.cpp:543]: No localisation for modifier_experience_gain_escort_combat_factor
[15:22:41][subunitdefinition.cpp:535]: No localisation for modifier_experience_gain_large_cruiser_training_factor
[15:22:41][subunitdefinition.cpp:543]: No localisation for modifier_experience_gain_large_cruiser_combat_factor
[15:22:41][subunitdefinition.cpp:535]: No localisation for modifier_experience_gain_coastal_submarine_training_factor
[15:22:41][subunitdefinition.cpp:543]: No localisation for modifier_experience_gain_coastal_submarine_combat_factor
[15:22:41][subunitdefinition.cpp:535]: No localisation for modifier_experience_gain_lr_submarine_training_factor
[15:22:41][subunitdefinition.cpp:543]: No localisation for modifier_experience_gain_lr_submarine_combat_factor
[15:22:41][subunitdefinition.cpp:535]: No localisation for modifier_experience_gain_patrol_submarine_training_factor
[15:22:41][subunitdefinition.cpp:543]: No localisation for modifier_experience_gain_patrol_submarine_combat_factor
[15:22:41][subunitdefinition.cpp:535]: No localisation for modifier_experience_gain_torpedo_boat_training_factor
[15:22:41][subunitdefinition.cpp:543]: No localisation for modifier_experience_gain_torpedo_boat_combat_factor
[15:22:42][autonomousstate.cpp:93]: There is no localization for the autonomous state name: autonomy_major_warlord
[15:22:42][autonomousstate.cpp:93]: There is no localization for the autonomous state name: autonomy_minor_warlord
[15:22:42][autonomousstate.cpp:93]: There is no localization for the autonomous state name: autonomy_warlord
[15:22:42][technologysharing.cpp:66]: There is no localization for the technology sharing group name: comintern_industry_name
[15:22:42][technologysharing.cpp:66]: There is no localization for the technology sharing group name: IEA_research_name
[15:22:42][technologysharing.cpp:66]: There is no localization for the technology sharing group name: JAP_mansyu_aircraft_name
[15:22:42][technologysharing.cpp:66]: There is no localization for the technology sharing group name: benelux_research_name
[15:22:42][technologysharing.cpp:66]: There is no localization for the technology sharing group name: french_research_name
[15:22:42][technologysharing.cpp:66]: There is no localization for the technology sharing group name: allies_research_name
[15:22:42][technologysharing.cpp:66]: There is no localization for the technology sharing group name: visegrad_research_name
[15:22:42][technologysharing.cpp:66]: There is no localization for the technology sharing group name: budapest_research_group_name
[15:22:42][technologysharing.cpp:66]: There is no localization for the technology sharing group name: danube_scientific_institute_name
[15:22:42][technologysharing.cpp:66]: There is no localization for the technology sharing group name: german_research_group_name
[15:22:42][technologysharing.cpp:66]: There is no localization for the technology sharing group name: iberian_research_name
[15:22:42][technologysharing.cpp:66]: There is no localization for the technology sharing group name: entente_research_name
[15:22:42][technologysharing.cpp:66]: There is no localization for the technology sharing group name: un_research_name
[15:22:42][technologysharing.cpp:66]: There is no localization for the technology sharing group name: northern_lights_research_name
